  InitShader.cpp
F:\VS_experiment\RedTriangle\RedTriangle\include\Angel.h(63): warning C4305: “初始化”: 从“double”到“GLfloat”截断
f:\vs_experiment\redtriangle\redtriangle\include\mat.h(698): warning C4244: “=”: 从“double”转换到“GLfloat”，可能丢失数据
f:\vs_experiment\redtriangle\redtriangle\include\mat.h(699): warning C4244: “=”: 从“double”转换到“GLfloat”，可能丢失数据
f:\vs_experiment\redtriangle\redtriangle\include\mat.h(700): warning C4244: “=”: 从“double”转换到“GLfloat”，可能丢失数据
f:\vs_experiment\redtriangle\redtriangle\include\mat.h(721): warning C4244: “=”: 从“double”转换到“GLfloat”，可能丢失数据
f:\vs_experiment\redtriangle\redtriangle\include\mat.h(723): warning C4244: “=”: 从“double”转换到“GLfloat”，可能丢失数据
f:\vs_experiment\redtriangle\redtriangle\include\mat.h(726): warning C4244: “=”: 从“double”转换到“GLfloat”，可能丢失数据
f:\vs_experiment\redtriangle\redtriangle\include\mat.h(743): warning C4244: “=”: 从“double”转换到“GLfloat”，可能丢失数据
  main.cpp
F:\VS_experiment\RedTriangle\RedTriangle\include\Angel.h(63): warning C4305: “初始化”: 从“double”到“GLfloat”截断
f:\vs_experiment\redtriangle\redtriangle\include\mat.h(698): warning C4244: “=”: 从“double”转换到“GLfloat”，可能丢失数据
f:\vs_experiment\redtriangle\redtriangle\include\mat.h(699): warning C4244: “=”: 从“double”转换到“GLfloat”，可能丢失数据
f:\vs_experiment\redtriangle\redtriangle\include\mat.h(700): warning C4244: “=”: 从“double”转换到“GLfloat”，可能丢失数据
f:\vs_experiment\redtriangle\redtriangle\include\mat.h(721): warning C4244: “=”: 从“double”转换到“GLfloat”，可能丢失数据
f:\vs_experiment\redtriangle\redtriangle\include\mat.h(723): warning C4244: “=”: 从“double”转换到“GLfloat”，可能丢失数据
f:\vs_experiment\redtriangle\redtriangle\include\mat.h(726): warning C4244: “=”: 从“double”转换到“GLfloat”，可能丢失数据
f:\vs_experiment\redtriangle\redtriangle\include\mat.h(743): warning C4244: “=”: 从“double”转换到“GLfloat”，可能丢失数据
  正在生成代码
  All 18 functions were compiled because no usable IPDB/IOBJ from previous compilation was found.
  已完成代码的生成
  RedTriangle.vcxproj -> F:\VS_experiment\RedTriangle\Release\RedTriangle.exe
  RedTriangle.vcxproj -> F:\VS_experiment\RedTriangle\Release\RedTriangle.pdb (Full PDB)
