  tetris.cpp
f:\vs_experiment\2017153005tetris\2017153005tetris\include\angel.h(63): warning C4305: “初始化”: 从“double”到“GLfloat”截断
f:\vs_experiment\2017153005tetris\2017153005tetris\include\mat.h(698): warning C4244: “=”: 从“double”转换到“GLfloat”，可能丢失数据
f:\vs_experiment\2017153005tetris\2017153005tetris\include\mat.h(699): warning C4244: “=”: 从“double”转换到“GLfloat”，可能丢失数据
f:\vs_experiment\2017153005tetris\2017153005tetris\include\mat.h(700): warning C4244: “=”: 从“double”转换到“GLfloat”，可能丢失数据
f:\vs_experiment\2017153005tetris\2017153005tetris\include\mat.h(721): warning C4244: “=”: 从“double”转换到“GLfloat”，可能丢失数据
f:\vs_experiment\2017153005tetris\2017153005tetris\include\mat.h(723): warning C4244: “=”: 从“double”转换到“GLfloat”，可能丢失数据
f:\vs_experiment\2017153005tetris\2017153005tetris\include\mat.h(726): warning C4244: “=”: 从“double”转换到“GLfloat”，可能丢失数据
f:\vs_experiment\2017153005tetris\2017153005tetris\include\mat.h(743): warning C4244: “=”: 从“double”转换到“GLfloat”，可能丢失数据
f:\vs_experiment\2017153005tetris\2017153005tetris\tetris.cpp(147): warning C4305: “参数”: 从“double”到“GLfloat”截断
f:\vs_experiment\2017153005tetris\2017153005tetris\tetris.cpp(147): warning C4244: “参数”: 从“double”转换到“GLfloat”，可能丢失数据
f:\vs_experiment\2017153005tetris\2017153005tetris\tetris.cpp(148): warning C4305: “参数”: 从“double”到“GLfloat”截断
f:\vs_experiment\2017153005tetris\2017153005tetris\tetris.cpp(148): warning C4244: “参数”: 从“double”转换到“GLfloat”，可能丢失数据
f:\vs_experiment\2017153005tetris\2017153005tetris\tetris.cpp(149): warning C4305: “参数”: 从“double”到“GLfloat”截断
f:\vs_experiment\2017153005tetris\2017153005tetris\tetris.cpp(149): warning C4244: “参数”: 从“double”转换到“GLfloat”，可能丢失数据
f:\vs_experiment\2017153005tetris\2017153005tetris\tetris.cpp(150): warning C4305: “参数”: 从“double”到“GLfloat”截断
f:\vs_experiment\2017153005tetris\2017153005tetris\tetris.cpp(150): warning C4244: “参数”: 从“double”转换到“GLfloat”，可能丢失数据
f:\vs_experiment\2017153005tetris\2017153005tetris\tetris.cpp(205): warning C4244: “参数”: 从“double”转换到“GLfloat”，可能丢失数据
f:\vs_experiment\2017153005tetris\2017153005tetris\tetris.cpp(206): warning C4244: “参数”: 从“double”转换到“GLfloat”，可能丢失数据
f:\vs_experiment\2017153005tetris\2017153005tetris\tetris.cpp(213): warning C4244: “参数”: 从“double”转换到“GLfloat”，可能丢失数据
f:\vs_experiment\2017153005tetris\2017153005tetris\tetris.cpp(214): warning C4244: “参数”: 从“double”转换到“GLfloat”，可能丢失数据
f:\vs_experiment\2017153005tetris\2017153005tetris\tetris.cpp(230): warning C4244: “参数”: 从“double”转换到“GLfloat”，可能丢失数据
f:\vs_experiment\2017153005tetris\2017153005tetris\tetris.cpp(231): warning C4244: “参数”: 从“double”转换到“GLfloat”，可能丢失数据
f:\vs_experiment\2017153005tetris\2017153005tetris\tetris.cpp(232): warning C4244: “参数”: 从“double”转换到“GLfloat”，可能丢失数据
f:\vs_experiment\2017153005tetris\2017153005tetris\tetris.cpp(233): warning C4244: “参数”: 从“double”转换到“GLfloat”，可能丢失数据
f:\vs_experiment\2017153005tetris\2017153005tetris\tetris.cpp(374): warning C4244: “初始化”: 从“GLfloat”转换到“int”，可能丢失数据
f:\vs_experiment\2017153005tetris\2017153005tetris\tetris.cpp(375): warning C4244: “初始化”: 从“GLfloat”转换到“int”，可能丢失数据
f:\vs_experiment\2017153005tetris\2017153005tetris\tetris.cpp(380): warning C4244: “参数”: 从“int”转换到“GLfloat”，可能丢失数据
f:\vs_experiment\2017153005tetris\2017153005tetris\tetris.cpp(403): warning C4244: “参数”: 从“int”转换到“GLfloat”，可能丢失数据
f:\vs_experiment\2017153005tetris\2017153005tetris\tetris.cpp(408): warning C4244: “参数”: 从“int”转换到“GLfloat”，可能丢失数据
  InitShader.cpp
f:\vs_experiment\2017153005tetris\2017153005tetris\common\initshader.cpp(1): fatal error C1083: 无法打开包括文件: “Angel.h”: No such file or directory
  正在生成代码...
