InitShader.obj : error LNK2001: 无法解析的外部符号 __imp___glewUseProgram
InitShader.obj : error LNK2001: 无法解析的外部符号 __imp___glewGetShaderiv
InitShader.obj : error LNK2001: 无法解析的外部符号 __imp___glewCompileShader
InitShader.obj : error LNK2001: 无法解析的外部符号 __imp___glewCreateShader
InitShader.obj : error LNK2001: 无法解析的外部符号 __imp___glewCreateProgram
InitShader.obj : error LNK2001: 无法解析的外部符号 __imp___glewGetShaderInfoLog
InitShader.obj : error LNK2001: 无法解析的外部符号 __imp___glewGetProgramiv
InitShader.obj : error LNK2001: 无法解析的外部符号 __imp___glewAttachShader
InitShader.obj : error LNK2001: 无法解析的外部符号 __imp___glewShaderSource
InitShader.obj : error LNK2001: 无法解析的外部符号 __imp___glewGetProgramInfoLog
InitShader.obj : error LNK2001: 无法解析的外部符号 __imp___glewLinkProgram
main.obj : error LNK2001: 无法解析的外部符号 __imp___glewEnableVertexAttribArray
main.obj : error LNK2001: 无法解析的外部符号 __imp___glewBindVertexArray
main.obj : error LNK2001: 无法解析的外部符号 __imp___glewVertexAttribPointer
main.obj : error LNK2001: 无法解析的外部符号 __imp___glutCreateWindowWithExit
main.obj : error LNK2001: 无法解析的外部符号 __imp___glewGetAttribLocation
main.obj : error LNK2001: 无法解析的外部符号 __imp___glutInitWithExit
main.obj : error LNK2001: 无法解析的外部符号 __imp___glewBindBuffer
main.obj : error LNK2001: 无法解析的外部符号 __imp___glewBufferSubData
main.obj : error LNK2001: 无法解析的外部符号 __imp___glewBufferData
main.obj : error LNK2001: 无法解析的外部符号 __imp_glutInitDisplayMode
main.obj : error LNK2001: 无法解析的外部符号 __imp___glewGenVertexArrays
main.obj : error LNK2001: 无法解析的外部符号 __imp_glewExperimental
main.obj : error LNK2001: 无法解析的外部符号 __imp_glutDisplayFunc
main.obj : error LNK2001: 无法解析的外部符号 __imp_glutMainLoop
main.obj : error LNK2001: 无法解析的外部符号 __imp___glewGenBuffers
main.obj : error LNK2001: 无法解析的外部符号 __imp_glutInitWindowSize
main.obj : error LNK2001: 无法解析的外部符号 __imp_glewInit
main.obj : error LNK2001: 无法解析的外部符号 __imp_glutSwapBuffers
F:\VS_experiment\SimpleShapes\x64\Release\SimpleShapes.exe : fatal error LNK1120: 29 个无法解析的外部命令
