C:\Program Files (x86)\MSBuild\Microsoft.Cpp\v4.0\V140\Microsoft.CppBuild.targets(392,5): warning MSB8028: The intermediate directory (Release\) contains files shared from another project (ExperimentOne.vcxproj).  This can lead to incorrect clean and rebuild behavior.
  main.cpp
F:\VS_experiment\ExperimentOne\ExperimentOne\include\Angel.h(63): warning C4305: “初始化”: 从“double”到“GLfloat”截断
f:\vs_experiment\experimentone\experimentone\include\mat.h(698): warning C4244: “=”: 从“double”转换到“GLfloat”，可能丢失数据
f:\vs_experiment\experimentone\experimentone\include\mat.h(699): warning C4244: “=”: 从“double”转换到“GLfloat”，可能丢失数据
f:\vs_experiment\experimentone\experimentone\include\mat.h(700): warning C4244: “=”: 从“double”转换到“GLfloat”，可能丢失数据
f:\vs_experiment\experimentone\experimentone\include\mat.h(721): warning C4244: “=”: 从“double”转换到“GLfloat”，可能丢失数据
f:\vs_experiment\experimentone\experimentone\include\mat.h(723): warning C4244: “=”: 从“double”转换到“GLfloat”，可能丢失数据
f:\vs_experiment\experimentone\experimentone\include\mat.h(726): warning C4244: “=”: 从“double”转换到“GLfloat”，可能丢失数据
f:\vs_experiment\experimentone\experimentone\include\mat.h(743): warning C4244: “=”: 从“double”转换到“GLfloat”，可能丢失数据
main.cpp(26): warning C4244: “参数”: 从“double”转换到“GLfloat”，可能丢失数据
main.cpp(27): warning C4244: “参数”: 从“double”转换到“const GLfloat”，可能丢失数据
main.cpp(28): warning C4244: “*=”: 从“double”转换到“GLfloat”，可能丢失数据
main.cpp(37): warning C4244: “return”: 从“double”转换到“float”，可能丢失数据
main.cpp(72): warning C4305: “参数”: 从“double”到“GLfloat”截断
main.cpp(76): warning C4244: “参数”: 从“double”转换到“GLfloat”，可能丢失数据
main.cpp(76): warning C4244: “参数”: 从“double”转换到“const GLfloat”，可能丢失数据
main.cpp(100): warning C4244: “参数”: 从“double”转换到“GLfloat”，可能丢失数据
main.cpp(100): warning C4244: “参数”: 从“double”转换到“const GLfloat”，可能丢失数据
main.cpp(138): warning C4305: “参数”: 从“double”到“GLfloat”截断
main.cpp(138): warning C4244: “参数”: 从“double”转换到“GLfloat”，可能丢失数据
  正在生成代码
  0 of 45 functions ( 0.0%) were compiled, the rest were copied from previous compilation.
    0 functions were new in current compilation
    1 functions had inline decision re-evaluated but remain unchanged
  已完成代码的生成
  ExperimentOne.vcxproj -> F:\VS_experiment\ExperimentOne\Release\ExperimentOne2017153005.exe
  ExperimentOne.vcxproj -> F:\VS_experiment\ExperimentOne\Release\ExperimentOne2017153005.pdb (Full PDB)
