  InitShader.cpp
F:\VS_experiment\Interaction\Interaction\include\Angel.h(63): warning C4305: “初始化”: 从“double”到“GLfloat”截断
f:\vs_experiment\interaction\interaction\include\mat.h(698): warning C4244: “=”: 从“double”转换到“GLfloat”，可能丢失数据
f:\vs_experiment\interaction\interaction\include\mat.h(699): warning C4244: “=”: 从“double”转换到“GLfloat”，可能丢失数据
f:\vs_experiment\interaction\interaction\include\mat.h(700): warning C4244: “=”: 从“double”转换到“GLfloat”，可能丢失数据
f:\vs_experiment\interaction\interaction\include\mat.h(721): warning C4244: “=”: 从“double”转换到“GLfloat”，可能丢失数据
f:\vs_experiment\interaction\interaction\include\mat.h(723): warning C4244: “=”: 从“double”转换到“GLfloat”，可能丢失数据
f:\vs_experiment\interaction\interaction\include\mat.h(726): warning C4244: “=”: 从“double”转换到“GLfloat”，可能丢失数据
f:\vs_experiment\interaction\interaction\include\mat.h(743): warning C4244: “=”: 从“double”转换到“GLfloat”，可能丢失数据
  main.cpp
F:\VS_experiment\Interaction\Interaction\include\Angel.h(63): warning C4305: “初始化”: 从“double”到“GLfloat”截断
f:\vs_experiment\interaction\interaction\include\mat.h(698): warning C4244: “=”: 从“double”转换到“GLfloat”，可能丢失数据
f:\vs_experiment\interaction\interaction\include\mat.h(699): warning C4244: “=”: 从“double”转换到“GLfloat”，可能丢失数据
f:\vs_experiment\interaction\interaction\include\mat.h(700): warning C4244: “=”: 从“double”转换到“GLfloat”，可能丢失数据
f:\vs_experiment\interaction\interaction\include\mat.h(721): warning C4244: “=”: 从“double”转换到“GLfloat”，可能丢失数据
f:\vs_experiment\interaction\interaction\include\mat.h(723): warning C4244: “=”: 从“double”转换到“GLfloat”，可能丢失数据
f:\vs_experiment\interaction\interaction\include\mat.h(726): warning C4244: “=”: 从“double”转换到“GLfloat”，可能丢失数据
f:\vs_experiment\interaction\interaction\include\mat.h(743): warning C4244: “=”: 从“double”转换到“GLfloat”，可能丢失数据
main.cpp(20): warning C4305: “参数”: 从“double”到“GLfloat”截断
main.cpp(21): warning C4305: “参数”: 从“double”到“GLfloat”截断
main.cpp(44): warning C4244: “参数”: 从“double”转换到“GLfloat”，可能丢失数据
main.cpp(46): warning C4244: “参数”: 从“double”转换到“const GLfloat”，可能丢失数据
main.cpp(47): warning C4244: “*=”: 从“double”转换到“GLfloat”，可能丢失数据
main.cpp(85): warning C4244: “参数”: 从“double”转换到“GLfloat”，可能丢失数据
main.cpp(85): warning C4244: “参数”: 从“double”转换到“const GLfloat”，可能丢失数据
  正在生成代码
  0 of 57 functions ( 0.0%) were compiled, the rest were copied from previous compilation.
    0 functions were new in current compilation
    7 functions had inline decision re-evaluated but remain unchanged
  已完成代码的生成
  Interaction.vcxproj -> F:\VS_experiment\Interaction\Release\Interaction.exe
  Interaction.vcxproj -> F:\VS_experiment\Interaction\Release\Interaction.pdb (Full PDB)
